[debug] [2024-08-22T04:30:10.132Z] ----------------------------------------------------------------------
[debug] [2024-08-22T04:30:10.135Z] Command:       C:\Program Files\nodejs\node.exe C:\Users\YaelHernandezUTNG\AppData\Roaming\npm\node_modules\firebase-tools\lib\bin\firebase.js init
[debug] [2024-08-22T04:30:10.135Z] CLI Version:   13.15.4
[debug] [2024-08-22T04:30:10.135Z] Platform:      win32
[debug] [2024-08-22T04:30:10.136Z] Node Version:  v20.13.1
[debug] [2024-08-22T04:30:10.136Z] Time:          Wed Aug 21 2024 22:30:10 GMT-0600 (hora estándar central)
[debug] [2024-08-22T04:30:10.136Z] ----------------------------------------------------------------------
[debug] 
[debug] [2024-08-22T04:30:10.139Z] >>> [apiv2][query] GET https://firebase-public.firebaseio.com/cli.json [none]
[debug] [2024-08-22T04:30:10.190Z] > command requires scopes: ["email","openid","https://www.googleapis.com/auth/cloudplatformprojects.readonly","https://www.googleapis.com/auth/firebase","https://www.googleapis.com/auth/cloud-platform"]
[debug] [2024-08-22T04:30:10.191Z] > authorizing via signed-in user (yaelhernandez12333@gmail.com)
[info] 
     ######## #### ########  ######## ########     ###     ######  ########
     ##        ##  ##     ## ##       ##     ##  ##   ##  ##       ##
     ######    ##  ########  ######   ########  #########  ######  ######
     ##        ##  ##    ##  ##       ##     ## ##     ##       ## ##
     ##       #### ##     ## ######## ########  ##     ##  ######  ########

You're about to initialize a Firebase project in this directory:

  C:\Users\YaelHernandezUTNG\Documents\Aplicaciones Web Apolinar\ProyectoRemasterizado\fronEnd-main

[debug] [2024-08-22T04:30:10.380Z] <<< [apiv2][status] GET https://firebase-public.firebaseio.com/cli.json 200
[debug] [2024-08-22T04:30:10.380Z] <<< [apiv2][body] GET https://firebase-public.firebaseio.com/cli.json {"cloudBuildErrorAfter":1594252800000,"cloudBuildWarnAfter":1590019200000,"defaultNode10After":1594252800000,"minVersion":"3.0.5","node8DeploysDisabledAfter":1613390400000,"node8RuntimeDisabledAfter":1615809600000,"node8WarnAfter":1600128000000}
[info] 
=== Project Setup
[info] 
[info] First, let's associate this project directory with a Firebase project.
[info] You can create multiple project aliases by running firebase use --add, 
[info] but for now we'll just set up a default project.
[info] 
[debug] [2024-08-22T04:31:15.555Z] > refreshing access token with scopes: []
[debug] [2024-08-22T04:31:15.556Z] >>> [apiv2][query] POST https://www.googleapis.com/oauth2/v3/token [none]
[debug] [2024-08-22T04:31:15.556Z] >>> [apiv2][body] POST https://www.googleapis.com/oauth2/v3/token [omitted]
[debug] [2024-08-22T04:31:15.720Z] <<< [apiv2][status] POST https://www.googleapis.com/oauth2/v3/token 200
[debug] [2024-08-22T04:31:15.720Z] <<< [apiv2][body] POST https://www.googleapis.com/oauth2/v3/token [omitted]
[debug] [2024-08-22T04:31:15.737Z] >>> [apiv2][query] GET https://firebase.googleapis.com/v1beta1/projects pageSize=100
[debug] [2024-08-22T04:31:16.062Z] <<< [apiv2][status] GET https://firebase.googleapis.com/v1beta1/projects 200
[debug] [2024-08-22T04:31:16.062Z] <<< [apiv2][body] GET https://firebase.googleapis.com/v1beta1/projects [omitted]
[info] i  Using project front-end-72312 (Front-end) 
[info] 
=== Hosting Setup
[debug] [2024-08-22T04:31:39.800Z] >>> [apiv2][query] GET https://firebase.googleapis.com/v1beta1/projects/front-end-72312 [none]
[debug] [2024-08-22T04:31:40.198Z] <<< [apiv2][status] GET https://firebase.googleapis.com/v1beta1/projects/front-end-72312 200
[debug] [2024-08-22T04:31:40.198Z] <<< [apiv2][body] GET https://firebase.googleapis.com/v1beta1/projects/front-end-72312 {"projectId":"front-end-72312","projectNumber":"231742550908","displayName":"Front-end","name":"projects/front-end-72312","resources":{"hostingSite":"front-end-72312"},"state":"ACTIVE","etag":"1_78dcd69b-7d99-46db-ba54-b6b2356300a4"}
[info] 
[info] Your public directory is the folder (relative to your project directory) that
[info] will contain Hosting assets to be uploaded with firebase deploy. If you
[info] have a build process for your assets, use your build's output directory.
[info] 
